<?xml version="1.0" encoding="UTF-8"?>
<!DOCTYPE coverage SYSTEM "http://cobertura.sourceforge.net/xml/coverage-04.dtd">
<coverage line-rate="0.38963308095515" branch-rate="0" lines-covered="669" lines-valid="1717" branches-covered="0" branches-valid="0" complexity="451" version="0.4" timestamp="1688399418">
  <sources>
    <source>/packages/core/src</source>
  </sources>
  <packages>
    <package name="code/Console/Commands/Seed/Database.php" line-rate="0.14285714285714" branch-rate="0" complexity="3">
      <classes>
        <class name="Tagd\Core\Console\Commands\Seed\Database" filename="code/Console/Commands/Seed/Database.php" line-rate="0.14285714285714" branch-rate="0" complexity="3">
          <methods>
            <method name="__construct" signature="" line-rate="1" branch-rate="0" complexity="1">
              <lines>
                <line number="31" hits="1"/>
              </lines>
            </method>
            <method name="handle" signature="" line-rate="0" branch-rate="0" complexity="2">
              <lines>
                <line number="42" hits="0"/>
                <line number="43" hits="0"/>
                <line number="44" hits="0"/>
                <line number="45" hits="0"/>
                <line number="47" hits="0"/>
                <line number="50" hits="0"/>
              </lines>
            </method>
          </methods>
          <lines>
            <line number="31" hits="1"/>
            <line number="42" hits="0"/>
            <line number="43" hits="0"/>
            <line number="44" hits="0"/>
            <line number="45" hits="0"/>
            <line number="47" hits="0"/>
            <line number="50" hits="0"/>
          </lines>
        </class>
      </classes>
    </package>
    <package name="code/Console/Commands/Seed/Dev.php" line-rate="0.083333333333333" branch-rate="0" complexity="3">
      <classes>
        <class name="Tagd\Core\Console\Commands\Seed\Dev" filename="code/Console/Commands/Seed/Dev.php" line-rate="0.083333333333333" branch-rate="0" complexity="3">
          <methods>
            <method name="__construct" signature="" line-rate="1" branch-rate="0" complexity="1">
              <lines>
                <line number="31" hits="1"/>
              </lines>
            </method>
            <method name="handle" signature="" line-rate="0" branch-rate="0" complexity="2">
              <lines>
                <line number="42" hits="0"/>
                <line number="43" hits="0"/>
                <line number="44" hits="0"/>
                <line number="45" hits="0"/>
                <line number="46" hits="0"/>
                <line number="47" hits="0"/>
                <line number="48" hits="0"/>
                <line number="49" hits="0"/>
                <line number="50" hits="0"/>
                <line number="52" hits="0"/>
                <line number="55" hits="0"/>
              </lines>
            </method>
          </methods>
          <lines>
            <line number="31" hits="1"/>
            <line number="42" hits="0"/>
            <line number="43" hits="0"/>
            <line number="44" hits="0"/>
            <line number="45" hits="0"/>
            <line number="46" hits="0"/>
            <line number="47" hits="0"/>
            <line number="48" hits="0"/>
            <line number="49" hits="0"/>
            <line number="50" hits="0"/>
            <line number="52" hits="0"/>
            <line number="55" hits="0"/>
          </lines>
        </class>
      </classes>
    </package>
    <package name="code/Console/Commands/Seed/Prod.php" line-rate="0.083333333333333" branch-rate="0" complexity="3">
      <classes>
        <class name="Tagd\Core\Console\Commands\Seed\Prod" filename="code/Console/Commands/Seed/Prod.php" line-rate="0.083333333333333" branch-rate="0" complexity="3">
          <methods>
            <method name="__construct" signature="" line-rate="1" branch-rate="0" complexity="1">
              <lines>
                <line number="31" hits="1"/>
              </lines>
            </method>
            <method name="handle" signature="" line-rate="0" branch-rate="0" complexity="2">
              <lines>
                <line number="42" hits="0"/>
                <line number="43" hits="0"/>
                <line number="44" hits="0"/>
                <line number="45" hits="0"/>
                <line number="46" hits="0"/>
                <line number="47" hits="0"/>
                <line number="48" hits="0"/>
                <line number="49" hits="0"/>
                <line number="50" hits="0"/>
                <line number="52" hits="0"/>
                <line number="55" hits="0"/>
              </lines>
            </method>
          </methods>
          <lines>
            <line number="31" hits="1"/>
            <line number="42" hits="0"/>
            <line number="43" hits="0"/>
            <line number="44" hits="0"/>
            <line number="45" hits="0"/>
            <line number="46" hits="0"/>
            <line number="47" hits="0"/>
            <line number="48" hits="0"/>
            <line number="49" hits="0"/>
            <line number="50" hits="0"/>
            <line number="52" hits="0"/>
            <line number="55" hits="0"/>
          </lines>
        </class>
      </classes>
    </package>
    <package name="code/Console/Commands/Seed/Qa.php" line-rate="0.083333333333333" branch-rate="0" complexity="3">
      <classes>
        <class name="Tagd\Core\Console\Commands\Seed\Qa" filename="code/Console/Commands/Seed/Qa.php" line-rate="0.083333333333333" branch-rate="0" complexity="3">
          <methods>
            <method name="__construct" signature="" line-rate="1" branch-rate="0" complexity="1">
              <lines>
                <line number="31" hits="1"/>
              </lines>
            </method>
            <method name="handle" signature="" line-rate="0" branch-rate="0" complexity="2">
              <lines>
                <line number="42" hits="0"/>
                <line number="43" hits="0"/>
                <line number="44" hits="0"/>
                <line number="45" hits="0"/>
                <line number="46" hits="0"/>
                <line number="47" hits="0"/>
                <line number="48" hits="0"/>
                <line number="49" hits="0"/>
                <line number="50" hits="0"/>
                <line number="52" hits="0"/>
                <line number="55" hits="0"/>
              </lines>
            </method>
          </methods>
          <lines>
            <line number="31" hits="1"/>
            <line number="42" hits="0"/>
            <line number="43" hits="0"/>
            <line number="44" hits="0"/>
            <line number="45" hits="0"/>
            <line number="46" hits="0"/>
            <line number="47" hits="0"/>
            <line number="48" hits="0"/>
            <line number="49" hits="0"/>
            <line number="50" hits="0"/>
            <line number="52" hits="0"/>
            <line number="55" hits="0"/>
          </lines>
        </class>
      </classes>
    </package>
    <package name="code/Console/Commands/Seed/Testing.php" line-rate="0" branch-rate="0" complexity="2">
      <classes>
        <class name="Tagd\Core\Console\Commands\Seed\Testing" filename="code/Console/Commands/Seed/Testing.php" line-rate="0" branch-rate="0" complexity="2">
          <methods>
            <method name="handle" signature="" line-rate="0" branch-rate="0" complexity="2">
              <lines>
                <line number="31" hits="0"/>
                <line number="34" hits="0"/>
                <line number="35" hits="0"/>
                <line number="37" hits="0"/>
                <line number="38" hits="0"/>
                <line number="39" hits="0"/>
                <line number="41" hits="0"/>
                <line number="44" hits="0"/>
              </lines>
            </method>
          </methods>
          <lines>
            <line number="31" hits="0"/>
            <line number="34" hits="0"/>
            <line number="35" hits="0"/>
            <line number="37" hits="0"/>
            <line number="38" hits="0"/>
            <line number="39" hits="0"/>
            <line number="41" hits="0"/>
            <line number="44" hits="0"/>
          </lines>
        </class>
      </classes>
    </package>
    <package name="code/Console/Commands/Seed/Uat.php" line-rate="0.083333333333333" branch-rate="0" complexity="3">
      <classes>
        <class name="Tagd\Core\Console\Commands\Seed\Uat" filename="code/Console/Commands/Seed/Uat.php" line-rate="0.083333333333333" branch-rate="0" complexity="3">
          <methods>
            <method name="__construct" signature="" line-rate="1" branch-rate="0" complexity="1">
              <lines>
                <line number="31" hits="1"/>
              </lines>
            </method>
            <method name="handle" signature="" line-rate="0" branch-rate="0" complexity="2">
              <lines>
                <line number="42" hits="0"/>
                <line number="43" hits="0"/>
                <line number="44" hits="0"/>
                <line number="45" hits="0"/>
                <line number="46" hits="0"/>
                <line number="47" hits="0"/>
                <line number="48" hits="0"/>
                <line number="49" hits="0"/>
                <line number="50" hits="0"/>
                <line number="52" hits="0"/>
                <line number="55" hits="0"/>
              </lines>
            </method>
          </methods>
          <lines>
            <line number="31" hits="1"/>
            <line number="42" hits="0"/>
            <line number="43" hits="0"/>
            <line number="44" hits="0"/>
            <line number="45" hits="0"/>
            <line number="46" hits="0"/>
            <line number="47" hits="0"/>
            <line number="48" hits="0"/>
            <line number="49" hits="0"/>
            <line number="50" hits="0"/>
            <line number="52" hits="0"/>
            <line number="55" hits="0"/>
          </lines>
        </class>
      </classes>
    </package>
    <package name="code/Events/Actors/Consumer/Created.php" line-rate="1" branch-rate="0" complexity="1">
      <classes>
        <class name="Tagd\Core\Events\Actors\Consumer\Created" filename="code/Events/Actors/Consumer/Created.php" line-rate="1" branch-rate="0" complexity="1">
          <methods>
            <method name="__construct" signature="Tagd\Core\Models\Actor\Consumer $consumer" line-rate="1" branch-rate="0" complexity="1">
              <lines>
                <line number="24" hits="27"/>
              </lines>
            </method>
          </methods>
          <lines>
            <line number="24" hits="27"/>
          </lines>
        </class>
      </classes>
    </package>
    <package name="code/Events/Items/Item/Created.php" line-rate="1" branch-rate="0" complexity="1">
      <classes>
        <class name="Tagd\Core\Events\Items\Item\Created" filename="code/Events/Items/Item/Created.php" line-rate="1" branch-rate="0" complexity="1">
          <methods>
            <method name="__construct" signature="Tagd\Core\Models\Item\Item $item" line-rate="1" branch-rate="0" complexity="1">
              <lines>
                <line number="24" hits="1"/>
              </lines>
            </method>
          </methods>
          <lines>
            <line number="24" hits="1"/>
          </lines>
        </class>
      </classes>
    </package>
    <package name="code/Events/Items/Tagd/Created.php" line-rate="1" branch-rate="0" complexity="1">
      <classes>
        <class name="Tagd\Core\Events\Items\Tagd\Created" filename="code/Events/Items/Tagd/Created.php" line-rate="1" branch-rate="0" complexity="1">
          <methods>
            <method name="__construct" signature="Tagd\Core\Models\Item\Tagd $tagd" line-rate="1" branch-rate="0" complexity="1">
              <lines>
                <line number="24" hits="15"/>
              </lines>
            </method>
          </methods>
          <lines>
            <line number="24" hits="15"/>
          </lines>
        </class>
      </classes>
    </package>
    <package name="code/Events/Items/Tagd/StatusUpdated.php" line-rate="1" branch-rate="0" complexity="1">
      <classes>
        <class name="Tagd\Core\Events\Items\Tagd\StatusUpdated" filename="code/Events/Items/Tagd/StatusUpdated.php" line-rate="1" branch-rate="0" complexity="1">
          <methods>
            <method name="__construct" signature="Tagd\Core\Models\Item\Tagd $tagd" line-rate="1" branch-rate="0" complexity="1">
              <lines>
                <line number="24" hits="6"/>
              </lines>
            </method>
          </methods>
          <lines>
            <line number="24" hits="6"/>
          </lines>
        </class>
      </classes>
    </package>
    <package name="code/Events/Resales/AccessRequest/Created.php" line-rate="1" branch-rate="0" complexity="1">
      <classes>
        <class name="Tagd\Core\Events\Resales\AccessRequest\Created" filename="code/Events/Resales/AccessRequest/Created.php" line-rate="1" branch-rate="0" complexity="1">
          <methods>
            <method name="__construct" signature="Tagd\Core\Models\Resale\AccessRequest $accessRequest" line-rate="1" branch-rate="0" complexity="1">
              <lines>
                <line number="24" hits="7"/>
              </lines>
            </method>
          </methods>
          <lines>
            <line number="24" hits="7"/>
          </lines>
        </class>
      </classes>
    </package>
    <package name="code/Http/Middleware/LogRequest.php" line-rate="0" branch-rate="0" complexity="1">
      <classes>
        <class name="Tagd\Core\Http\Middleware\LogRequest" filename="code/Http/Middleware/LogRequest.php" line-rate="0" branch-rate="0" complexity="1">
          <methods>
            <method name="handle" signature="$request, Closure $next" line-rate="0" branch-rate="0" complexity="1">
              <lines>
                <line number="19" hits="0"/>
                <line number="20" hits="0"/>
                <line number="21" hits="0"/>
                <line number="22" hits="0"/>
                <line number="23" hits="0"/>
                <line number="24" hits="0"/>
                <line number="25" hits="0"/>
                <line number="26" hits="0"/>
                <line number="27" hits="0"/>
                <line number="28" hits="0"/>
                <line number="29" hits="0"/>
                <line number="31" hits="0"/>
              </lines>
            </method>
          </methods>
          <lines>
            <line number="19" hits="0"/>
            <line number="20" hits="0"/>
            <line number="21" hits="0"/>
            <line number="22" hits="0"/>
            <line number="23" hits="0"/>
            <line number="24" hits="0"/>
            <line number="25" hits="0"/>
            <line number="26" hits="0"/>
            <line number="27" hits="0"/>
            <line number="28" hits="0"/>
            <line number="29" hits="0"/>
            <line number="31" hits="0"/>
          </lines>
        </class>
      </classes>
    </package>
    <package name="code/Http/Middleware/LogUser.php" line-rate="0" branch-rate="0" complexity="1">
      <classes>
        <class name="Tagd\Core\Http\Middleware\LogUser" filename="code/Http/Middleware/LogUser.php" line-rate="0" branch-rate="0" complexity="1">
          <methods>
            <method name="handle" signature="$request, Closure $next" line-rate="0" branch-rate="0" complexity="1">
              <lines>
                <line number="18" hits="0"/>
                <line number="19" hits="0"/>
                <line number="20" hits="0"/>
                <line number="21" hits="0"/>
                <line number="22" hits="0"/>
                <line number="23" hits="0"/>
                <line number="24" hits="0"/>
                <line number="26" hits="0"/>
              </lines>
            </method>
          </methods>
          <lines>
            <line number="18" hits="0"/>
            <line number="19" hits="0"/>
            <line number="20" hits="0"/>
            <line number="21" hits="0"/>
            <line number="22" hits="0"/>
            <line number="23" hits="0"/>
            <line number="24" hits="0"/>
            <line number="26" hits="0"/>
          </lines>
        </class>
      </classes>
    </package>
    <package name="code/Jobs/UpdateTagdAncestorsStats.php" line-rate="0.96" branch-rate="0" complexity="9">
      <classes>
        <class name="Tagd\Core\Jobs\UpdateTagdAncestorsStats" filename="code/Jobs/UpdateTagdAncestorsStats.php" line-rate="0.96" branch-rate="0" complexity="9">
          <methods>
            <method name="__construct" signature="Tagd\Core\Models\Item\Tagd $tagd" line-rate="1" branch-rate="0" complexity="1">
              <lines>
                <line number="31" hits="15"/>
              </lines>
            </method>
            <method name="handle" signature="" line-rate="0.95833333333333" branch-rate="0" complexity="8">
              <lines>
                <line number="41" hits="15"/>
                <line number="43" hits="15"/>
                <line number="45" hits="3"/>
                <line number="46" hits="3"/>
                <line number="50" hits="3"/>
                <line number="51" hits="3"/>
                <line number="52" hits="3"/>
                <line number="53" hits="3"/>
                <line number="54" hits="3"/>
                <line number="58" hits="3"/>
                <line number="62" hits="3"/>
                <line number="63" hits="3"/>
                <line number="64" hits="3"/>
                <line number="65" hits="3"/>
                <line number="66" hits="3"/>
                <line number="67" hits="3"/>
                <line number="68" hits="3"/>
                <line number="74" hits="3"/>
                <line number="75" hits="3"/>
                <line number="77" hits="0"/>
                <line number="82" hits="3"/>
                <line number="83" hits="3"/>
                <line number="84" hits="3"/>
                <line number="86" hits="3"/>
              </lines>
            </method>
          </methods>
          <lines>
            <line number="31" hits="15"/>
            <line number="41" hits="15"/>
            <line number="43" hits="15"/>
            <line number="45" hits="3"/>
            <line number="46" hits="3"/>
            <line number="50" hits="3"/>
            <line number="51" hits="3"/>
            <line number="52" hits="3"/>
            <line number="53" hits="3"/>
            <line number="54" hits="3"/>
            <line number="58" hits="3"/>
            <line number="62" hits="3"/>
            <line number="63" hits="3"/>
            <line number="64" hits="3"/>
            <line number="65" hits="3"/>
            <line number="66" hits="3"/>
            <line number="67" hits="3"/>
            <line number="68" hits="3"/>
            <line number="74" hits="3"/>
            <line number="75" hits="3"/>
            <line number="77" hits="0"/>
            <line number="82" hits="3"/>
            <line number="83" hits="3"/>
            <line number="84" hits="3"/>
            <line number="86" hits="3"/>
          </lines>
        </class>
      </classes>
    </package>
    <package name="code/Jobs/UpdateTagdTimeToTransferStats.php" line-rate="0.13333333333333" branch-rate="0" complexity="20">
      <classes>
        <class name="Tagd\Core\Jobs\UpdateTagdTimeToTransferStats" filename="code/Jobs/UpdateTagdTimeToTransferStats.php" line-rate="0.13333333333333" branch-rate="0" complexity="20">
          <methods>
            <method name="__construct" signature="Tagd\Core\Models\Item\Tagd $tagd" line-rate="1" branch-rate="0" complexity="1">
              <lines>
                <line number="31" hits="15"/>
              </lines>
            </method>
            <method name="handle" signature="" line-rate="0.17241379310345" branch-rate="0" complexity="8">
              <lines>
                <line number="41" hits="15"/>
                <line number="44" hits="15"/>
                <line number="45" hits="15"/>
                <line number="48" hits="0"/>
                <line number="49" hits="0"/>
                <line number="50" hits="0"/>
                <line number="51" hits="0"/>
                <line number="52" hits="0"/>
                <line number="54" hits="0"/>
                <line number="56" hits="0"/>
                <line number="57" hits="0"/>
                <line number="58" hits="0"/>
                <line number="59" hits="0"/>
                <line number="62" hits="0"/>
                <line number="63" hits="0"/>
                <line number="65" hits="0"/>
                <line number="66" hits="0"/>
                <line number="67" hits="0"/>
                <line number="71" hits="0"/>
                <line number="72" hits="0"/>
                <line number="74" hits="0"/>
                <line number="75" hits="0"/>
                <line number="76" hits="0"/>
                <line number="79" hits="0"/>
                <line number="80" hits="0"/>
                <line number="81" hits="0"/>
                <line number="82" hits="0"/>
                <line number="86" hits="15"/>
                <line number="87" hits="3"/>
              </lines>
            </method>
            <method name="findActiveDescendant" signature="Tagd\Core\Models\Item\Tagd $tagd" line-rate="0" branch-rate="0" complexity="3">
              <lines>
                <line number="96" hits="0"/>
                <line number="97" hits="0"/>
                <line number="98" hits="0"/>
                <line number="100" hits="0"/>
                <line number="104" hits="0"/>
              </lines>
            </method>
            <method name="findNextTransfer" signature="Tagd\Core\Models\Item\Tagd $tagd" line-rate="0" branch-rate="0" complexity="8">
              <lines>
                <line number="112" hits="0"/>
                <line number="113" hits="0"/>
                <line number="114" hits="0"/>
                <line number="116" hits="0"/>
                <line number="117" hits="0"/>
                <line number="119" hits="0"/>
                <line number="121" hits="0"/>
                <line number="122" hits="0"/>
                <line number="124" hits="0"/>
                <line number="131" hits="0"/>
              </lines>
            </method>
          </methods>
          <lines>
            <line number="31" hits="15"/>
            <line number="41" hits="15"/>
            <line number="44" hits="15"/>
            <line number="45" hits="15"/>
            <line number="48" hits="0"/>
            <line number="49" hits="0"/>
            <line number="50" hits="0"/>
            <line number="51" hits="0"/>
            <line number="52" hits="0"/>
            <line number="54" hits="0"/>
            <line number="56" hits="0"/>
            <line number="57" hits="0"/>
            <line number="58" hits="0"/>
            <line number="59" hits="0"/>
            <line number="62" hits="0"/>
            <line number="63" hits="0"/>
            <line number="65" hits="0"/>
            <line number="66" hits="0"/>
            <line number="67" hits="0"/>
            <line number="71" hits="0"/>
            <line number="72" hits="0"/>
            <line number="74" hits="0"/>
            <line number="75" hits="0"/>
            <line number="76" hits="0"/>
            <line number="79" hits="0"/>
            <line number="80" hits="0"/>
            <line number="81" hits="0"/>
            <line number="82" hits="0"/>
            <line number="86" hits="15"/>
            <line number="87" hits="3"/>
            <line number="96" hits="0"/>
            <line number="97" hits="0"/>
            <line number="98" hits="0"/>
            <line number="100" hits="0"/>
            <line number="104" hits="0"/>
            <line number="112" hits="0"/>
            <line number="113" hits="0"/>
            <line number="114" hits="0"/>
            <line number="116" hits="0"/>
            <line number="117" hits="0"/>
            <line number="119" hits="0"/>
            <line number="121" hits="0"/>
            <line number="122" hits="0"/>
            <line number="124" hits="0"/>
            <line number="131" hits="0"/>
          </lines>
        </class>
      </classes>
    </package>
    <package name="code/Listeners/Models/AccessRequest.php" line-rate="1" branch-rate="0" complexity="2">
      <classes>
        <class name="Tagd\Core\Listeners\Models\AccessRequest" filename="code/Listeners/Models/AccessRequest.php" line-rate="1" branch-rate="0" complexity="2">
          <methods>
            <method name="onCreated" signature="Tagd\Core\Events\Resales\AccessRequest\Created $event" line-rate="1" branch-rate="0" complexity="1">
              <lines>
                <line number="21" hits="7"/>
                <line number="22" hits="7"/>
                <line number="23" hits="7"/>
                <line number="24" hits="7"/>
              </lines>
            </method>
            <method name="subscribe" signature="Illuminate\Events\Dispatcher $events" line-rate="1" branch-rate="0" complexity="1">
              <lines>
                <line number="32" hits="34"/>
                <line number="33" hits="34"/>
                <line number="34" hits="34"/>
              </lines>
            </method>
          </methods>
          <lines>
            <line number="21" hits="7"/>
            <line number="22" hits="7"/>
            <line number="23" hits="7"/>
            <line number="24" hits="7"/>
            <line number="32" hits="34"/>
            <line number="33" hits="34"/>
            <line number="34" hits="34"/>
          </lines>
        </class>
      </classes>
    </package>
    <package name="code/Listeners/Models/Item.php" line-rate="1" branch-rate="0" complexity="2">
      <classes>
        <class name="Tagd\Core\Listeners\Models\Item" filename="code/Listeners/Models/Item.php" line-rate="1" branch-rate="0" complexity="2">
          <methods>
            <method name="onCreated" signature="Tagd\Core\Events\Items\Item\Created $event" line-rate="1" branch-rate="0" complexity="1">
              <lines>
                <line number="17" hits="1"/>
              </lines>
            </method>
            <method name="subscribe" signature="Illuminate\Events\Dispatcher $events" line-rate="1" branch-rate="0" complexity="1">
              <lines>
                <line number="24" hits="34"/>
                <line number="25" hits="34"/>
                <line number="26" hits="34"/>
              </lines>
            </method>
          </methods>
          <lines>
            <line number="17" hits="1"/>
            <line number="24" hits="34"/>
            <line number="25" hits="34"/>
            <line number="26" hits="34"/>
          </lines>
        </class>
      </classes>
    </package>
    <package name="code/Listeners/Models/Tagd.php" line-rate="1" branch-rate="0" complexity="4">
      <classes>
        <class name="Tagd\Core\Listeners\Models\Tagd" filename="code/Listeners/Models/Tagd.php" line-rate="1" branch-rate="0" complexity="4">
          <methods>
            <method name="onCreated" signature="Tagd\Core\Events\Items\Tagd\Created $event" line-rate="1" branch-rate="0" complexity="2">
              <lines>
                <line number="21" hits="15"/>
                <line number="23" hits="15"/>
                <line number="25" hits="15"/>
                <line number="26" hits="15"/>
                <line number="27" hits="15"/>
                <line number="30" hits="15"/>
                <line number="31" hits="15"/>
              </lines>
            </method>
            <method name="onStatusUpdated" signature="Tagd\Core\Events\Items\Tagd\StatusUpdated $event" line-rate="1" branch-rate="0" complexity="1">
              <lines>
                <line number="41" hits="6"/>
                <line number="43" hits="6"/>
              </lines>
            </method>
            <method name="subscribe" signature="Illuminate\Events\Dispatcher $events" line-rate="1" branch-rate="0" complexity="1">
              <lines>
                <line number="52" hits="34"/>
                <line number="53" hits="34"/>
                <line number="54" hits="34"/>
                <line number="55" hits="34"/>
              </lines>
            </method>
          </methods>
          <lines>
            <line number="21" hits="15"/>
            <line number="23" hits="15"/>
            <line number="25" hits="15"/>
            <line number="26" hits="15"/>
            <line number="27" hits="15"/>
            <line number="30" hits="15"/>
            <line number="31" hits="15"/>
            <line number="41" hits="6"/>
            <line number="43" hits="6"/>
            <line number="52" hits="34"/>
            <line number="53" hits="34"/>
            <line number="54" hits="34"/>
            <line number="55" hits="34"/>
          </lines>
        </class>
      </classes>
    </package>
    <package name="code/Models/Actor/Actor.php" line-rate="0" branch-rate="0" complexity="0">
      <classes>
        <class name="Tagd\Core\Models\Actor\Actor" filename="code/Models/Actor/Actor.php" line-rate="0" branch-rate="0" complexity="0">
          <methods/>
          <lines/>
        </class>
      </classes>
    </package>
    <package name="code/Models/Actor/Consumer.php" line-rate="0.4" branch-rate="0" complexity="4">
      <classes>
        <class name="Tagd\Core\Models\Actor\Consumer" filename="code/Models/Actor/Consumer.php" line-rate="0.4" branch-rate="0" complexity="4">
          <methods>
            <method name="boot" signature="" line-rate="1" branch-rate="0" complexity="1">
              <lines>
                <line number="39" hits="34"/>
                <line number="40" hits="34"/>
              </lines>
            </method>
            <method name="tagds" signature="" line-rate="0" branch-rate="0" complexity="1">
              <lines>
                <line number="51" hits="0"/>
              </lines>
            </method>
            <method name="accessRequests" signature="" line-rate="0" branch-rate="0" complexity="1">
              <lines>
                <line number="56" hits="0"/>
              </lines>
            </method>
            <method name="role" signature="" line-rate="0" branch-rate="0" complexity="1">
              <lines>
                <line number="61" hits="0"/>
              </lines>
            </method>
          </methods>
          <lines>
            <line number="39" hits="34"/>
            <line number="40" hits="34"/>
            <line number="51" hits="0"/>
            <line number="56" hits="0"/>
            <line number="61" hits="0"/>
          </lines>
        </class>
      </classes>
    </package>
    <package name="code/Models/Actor/Reseller.php" line-rate="0.083333333333333" branch-rate="0" complexity="9">
      <classes>
        <class name="Tagd\Core\Models\Actor\Reseller" filename="code/Models/Actor/Reseller.php" line-rate="0.083333333333333" branch-rate="0" complexity="9">
          <methods>
            <method name="boot" signature="" line-rate="1" branch-rate="0" complexity="1">
              <lines>
                <line number="43" hits="11"/>
                <line number="44" hits="11"/>
              </lines>
            </method>
            <method name="tagds" signature="" line-rate="0" branch-rate="0" complexity="1">
              <lines>
                <line number="55" hits="0"/>
              </lines>
            </method>
            <method name="accessRequests" signature="" line-rate="0" branch-rate="0" complexity="1">
              <lines>
                <line number="60" hits="0"/>
              </lines>
            </method>
            <method name="avatar_uploads" signature="" line-rate="0" branch-rate="0" complexity="1">
              <lines>
                <line number="65" hits="0"/>
              </lines>
            </method>
            <method name="getAvatarAttribute" signature="" line-rate="0" branch-rate="0" complexity="1">
              <lines>
                <line number="79" hits="0"/>
              </lines>
            </method>
            <method name="getAvatarSmallUrlAttribute" signature="" line-rate="0" branch-rate="0" complexity="2">
              <lines>
                <line number="89" hits="0"/>
                <line number="91" hits="0"/>
                <line number="92" hits="0"/>
                <line number="93" hits="0"/>
                <line number="94" hits="0"/>
                <line number="95" hits="0"/>
                <line number="96" hits="0"/>
                <line number="97" hits="0"/>
                <line number="99" hits="0"/>
              </lines>
            </method>
            <method name="getAvatarUrlAttribute" signature="" line-rate="0" branch-rate="0" complexity="2">
              <lines>
                <line number="110" hits="0"/>
                <line number="112" hits="0"/>
                <line number="113" hits="0"/>
                <line number="114" hits="0"/>
                <line number="115" hits="0"/>
                <line number="116" hits="0"/>
                <line number="117" hits="0"/>
                <line number="118" hits="0"/>
                <line number="120" hits="0"/>
              </lines>
            </method>
          </methods>
          <lines>
            <line number="43" hits="11"/>
            <line number="44" hits="11"/>
            <line number="55" hits="0"/>
            <line number="60" hits="0"/>
            <line number="65" hits="0"/>
            <line number="79" hits="0"/>
            <line number="89" hits="0"/>
            <line number="91" hits="0"/>
            <line number="92" hits="0"/>
            <line number="93" hits="0"/>
            <line number="94" hits="0"/>
            <line number="95" hits="0"/>
            <line number="96" hits="0"/>
            <line number="97" hits="0"/>
            <line number="99" hits="0"/>
            <line number="110" hits="0"/>
            <line number="112" hits="0"/>
            <line number="113" hits="0"/>
            <line number="114" hits="0"/>
            <line number="115" hits="0"/>
            <line number="116" hits="0"/>
            <line number="117" hits="0"/>
            <line number="118" hits="0"/>
            <line number="120" hits="0"/>
          </lines>
        </class>
      </classes>
    </package>
    <package name="code/Models/Actor/Retailer.php" line-rate="0.5" branch-rate="0" complexity="3">
      <classes>
        <class name="Tagd\Core\Models\Actor\Retailer" filename="code/Models/Actor/Retailer.php" line-rate="0.5" branch-rate="0" complexity="3">
          <methods>
            <method name="boot" signature="" line-rate="1" branch-rate="0" complexity="1">
              <lines>
                <line number="37" hits="5"/>
                <line number="38" hits="5"/>
              </lines>
            </method>
            <method name="items" signature="" line-rate="0" branch-rate="0" complexity="1">
              <lines>
                <line number="49" hits="0"/>
              </lines>
            </method>
            <method name="stock" signature="" line-rate="0" branch-rate="0" complexity="1">
              <lines>
                <line number="54" hits="0"/>
              </lines>
            </method>
          </methods>
          <lines>
            <line number="37" hits="5"/>
            <line number="38" hits="5"/>
            <line number="49" hits="0"/>
            <line number="54" hits="0"/>
          </lines>
        </class>
      </classes>
    </package>
    <package name="code/Models/Exceptions/CantRequestUpload.php" line-rate="0" branch-rate="0" complexity="1">
      <classes>
        <class name="Tagd\Core\Models\Exceptions\CantRequestUpload" filename="code/Models/Exceptions/CantRequestUpload.php" line-rate="0" branch-rate="0" complexity="1">
          <methods>
            <method name="__construct" signature="string $message" line-rate="0" branch-rate="0" complexity="1">
              <lines>
                <line number="14" hits="0"/>
              </lines>
            </method>
          </methods>
          <lines>
            <line number="14" hits="0"/>
          </lines>
        </class>
      </classes>
    </package>
    <package name="code/Models/Exceptions/Generic.php" line-rate="0" branch-rate="0" complexity="1">
      <classes>
        <class name="Tagd\Core\Models\Exceptions\Generic" filename="code/Models/Exceptions/Generic.php" line-rate="0" branch-rate="0" complexity="1">
          <methods>
            <method name="__construct" signature="string $message" line-rate="0" branch-rate="0" complexity="1">
              <lines>
                <line number="14" hits="0"/>
              </lines>
            </method>
          </methods>
          <lines>
            <line number="14" hits="0"/>
          </lines>
        </class>
      </classes>
    </package>
    <package name="code/Models/Item/Item.php" line-rate="0.14285714285714" branch-rate="0" complexity="8">
      <classes>
        <class name="Tagd\Core\Models\Item\Item" filename="code/Models/Item/Item.php" line-rate="0.14285714285714" branch-rate="0" complexity="8">
          <methods>
            <method name="boot" signature="" line-rate="1" branch-rate="0" complexity="1">
              <lines>
                <line number="44" hits="34"/>
                <line number="45" hits="34"/>
              </lines>
            </method>
            <method name="retailer" signature="" line-rate="1" branch-rate="0" complexity="1">
              <lines>
                <line number="56" hits="1"/>
              </lines>
            </method>
            <method name="propertiesBags" signature="" line-rate="0" branch-rate="0" complexity="1">
              <lines>
                <line number="61" hits="0"/>
              </lines>
            </method>
            <method name="tagds" signature="" line-rate="0" branch-rate="0" complexity="1">
              <lines>
                <line number="66" hits="0"/>
              </lines>
            </method>
            <method name="images" signature="" line-rate="0" branch-rate="0" complexity="1">
              <lines>
                <line number="71" hits="0"/>
              </lines>
            </method>
            <method name="rootTagd" signature="" line-rate="0" branch-rate="0" complexity="1">
              <lines>
                <line number="82" hits="0"/>
                <line number="83" hits="0"/>
                <line number="84" hits="0"/>
                <line number="85" hits="0"/>
                <line number="86" hits="0"/>
              </lines>
            </method>
            <method name="currentTagd" signature="" line-rate="0" branch-rate="0" complexity="1">
              <lines>
                <line number="91" hits="0"/>
                <line number="92" hits="0"/>
                <line number="93" hits="0"/>
                <line number="94" hits="0"/>
                <line number="95" hits="0"/>
              </lines>
            </method>
            <method name="tagdCount" signature="" line-rate="0" branch-rate="0" complexity="1">
              <lines>
                <line number="100" hits="0"/>
                <line number="101" hits="0"/>
                <line number="102" hits="0"/>
                <line number="103" hits="0"/>
                <line number="104" hits="0"/>
              </lines>
            </method>
          </methods>
          <lines>
            <line number="44" hits="34"/>
            <line number="45" hits="34"/>
            <line number="56" hits="1"/>
            <line number="61" hits="0"/>
            <line number="66" hits="0"/>
            <line number="71" hits="0"/>
            <line number="82" hits="0"/>
            <line number="83" hits="0"/>
            <line number="84" hits="0"/>
            <line number="85" hits="0"/>
            <line number="86" hits="0"/>
            <line number="91" hits="0"/>
            <line number="92" hits="0"/>
            <line number="93" hits="0"/>
            <line number="94" hits="0"/>
            <line number="95" hits="0"/>
            <line number="100" hits="0"/>
            <line number="101" hits="0"/>
            <line number="102" hits="0"/>
            <line number="103" hits="0"/>
            <line number="104" hits="0"/>
          </lines>
        </class>
      </classes>
    </package>
    <package name="code/Models/Item/ItemImage.php" line-rate="0" branch-rate="0" complexity="12">
      <classes>
        <class name="Tagd\Core\Models\Item\ItemImage" filename="code/Models/Item/ItemImage.php" line-rate="0" branch-rate="0" complexity="12">
          <methods>
            <method name="item" signature="" line-rate="0" branch-rate="0" complexity="1">
              <lines>
                <line number="32" hits="0"/>
              </lines>
            </method>
            <method name="upload" signature="" line-rate="0" branch-rate="0" complexity="1">
              <lines>
                <line number="37" hits="0"/>
              </lines>
            </method>
            <method name="getSmallUrlAttribute" signature="" line-rate="0" branch-rate="0" complexity="2">
              <lines>
                <line number="53" hits="0"/>
                <line number="55" hits="0"/>
                <line number="56" hits="0"/>
                <line number="57" hits="0"/>
                <line number="58" hits="0"/>
                <line number="59" hits="0"/>
                <line number="60" hits="0"/>
                <line number="61" hits="0"/>
                <line number="63" hits="0"/>
              </lines>
            </method>
            <method name="getUrlAttribute" signature="" line-rate="0" branch-rate="0" complexity="2">
              <lines>
                <line number="74" hits="0"/>
                <line number="76" hits="0"/>
                <line number="77" hits="0"/>
                <line number="78" hits="0"/>
                <line number="79" hits="0"/>
                <line number="80" hits="0"/>
                <line number="81" hits="0"/>
                <line number="82" hits="0"/>
                <line number="84" hits="0"/>
              </lines>
            </method>
            <method name="getPortraitUrlAttribute" signature="" line-rate="0" branch-rate="0" complexity="2">
              <lines>
                <line number="95" hits="0"/>
                <line number="97" hits="0"/>
                <line number="98" hits="0"/>
                <line number="99" hits="0"/>
                <line number="100" hits="0"/>
                <line number="101" hits="0"/>
                <line number="102" hits="0"/>
                <line number="103" hits="0"/>
                <line number="105" hits="0"/>
              </lines>
            </method>
            <method name="getSquareUrlAttribute" signature="" line-rate="0" branch-rate="0" complexity="2">
              <lines>
                <line number="116" hits="0"/>
                <line number="118" hits="0"/>
                <line number="119" hits="0"/>
                <line number="120" hits="0"/>
                <line number="121" hits="0"/>
                <line number="122" hits="0"/>
                <line number="123" hits="0"/>
                <line number="124" hits="0"/>
                <line number="126" hits="0"/>
              </lines>
            </method>
            <method name="getPreviewUrlAttribute" signature="" line-rate="0" branch-rate="0" complexity="2">
              <lines>
                <line number="137" hits="0"/>
                <line number="139" hits="0"/>
                <line number="140" hits="0"/>
                <line number="141" hits="0"/>
                <line number="142" hits="0"/>
                <line number="143" hits="0"/>
                <line number="144" hits="0"/>
                <line number="145" hits="0"/>
                <line number="147" hits="0"/>
              </lines>
            </method>
          </methods>
          <lines>
            <line number="32" hits="0"/>
            <line number="37" hits="0"/>
            <line number="53" hits="0"/>
            <line number="55" hits="0"/>
            <line number="56" hits="0"/>
            <line number="57" hits="0"/>
            <line number="58" hits="0"/>
            <line number="59" hits="0"/>
            <line number="60" hits="0"/>
            <line number="61" hits="0"/>
            <line number="63" hits="0"/>
            <line number="74" hits="0"/>
            <line number="76" hits="0"/>
            <line number="77" hits="0"/>
            <line number="78" hits="0"/>
            <line number="79" hits="0"/>
            <line number="80" hits="0"/>
            <line number="81" hits="0"/>
            <line number="82" hits="0"/>
            <line number="84" hits="0"/>
            <line number="95" hits="0"/>
            <line number="97" hits="0"/>
            <line number="98" hits="0"/>
            <line number="99" hits="0"/>
            <line number="100" hits="0"/>
            <line number="101" hits="0"/>
            <line number="102" hits="0"/>
            <line number="103" hits="0"/>
            <line number="105" hits="0"/>
            <line number="116" hits="0"/>
            <line number="118" hits="0"/>
            <line number="119" hits="0"/>
            <line number="120" hits="0"/>
            <line number="121" hits="0"/>
            <line number="122" hits="0"/>
            <line number="123" hits="0"/>
            <line number="124" hits="0"/>
            <line number="126" hits="0"/>
            <line number="137" hits="0"/>
            <line number="139" hits="0"/>
            <line number="140" hits="0"/>
            <line number="141" hits="0"/>
            <line number="142" hits="0"/>
            <line number="143" hits="0"/>
            <line number="144" hits="0"/>
            <line number="145" hits="0"/>
            <line number="147" hits="0"/>
          </lines>
        </class>
      </classes>
    </package>
    <package name="code/Models/Item/PropertyBag.php" line-rate="0.66666666666667" branch-rate="0" complexity="2">
      <classes>
        <class name="Tagd\Core\Models\Item\PropertyBag" filename="code/Models/Item/PropertyBag.php" line-rate="0.66666666666667" branch-rate="0" complexity="2">
          <methods>
            <method name="boot" signature="" line-rate="1" branch-rate="0" complexity="1">
              <lines>
                <line number="38" hits="1"/>
                <line number="39" hits="1"/>
              </lines>
            </method>
            <method name="item" signature="" line-rate="0" branch-rate="0" complexity="1">
              <lines>
                <line number="50" hits="0"/>
              </lines>
            </method>
          </methods>
          <lines>
            <line number="38" hits="1"/>
            <line number="39" hits="1"/>
            <line number="50" hits="0"/>
          </lines>
        </class>
      </classes>
    </package>
    <package name="code/Models/Item/Stock.php" line-rate="0.6" branch-rate="0" complexity="4">
      <classes>
        <class name="Tagd\Core\Models\Item\Stock" filename="code/Models/Item/Stock.php" line-rate="0.6" branch-rate="0" complexity="4">
          <methods>
            <method name="boot" signature="" line-rate="1" branch-rate="0" complexity="1">
              <lines>
                <line number="43" hits="2"/>
                <line number="44" hits="2"/>
              </lines>
            </method>
            <method name="retailer" signature="" line-rate="1" branch-rate="0" complexity="1">
              <lines>
                <line number="55" hits="1"/>
              </lines>
            </method>
            <method name="propertiesBags" signature="" line-rate="0" branch-rate="0" complexity="1">
              <lines>
                <line number="60" hits="0"/>
              </lines>
            </method>
            <method name="images" signature="" line-rate="0" branch-rate="0" complexity="1">
              <lines>
                <line number="65" hits="0"/>
              </lines>
            </method>
          </methods>
          <lines>
            <line number="43" hits="2"/>
            <line number="44" hits="2"/>
            <line number="55" hits="1"/>
            <line number="60" hits="0"/>
            <line number="65" hits="0"/>
          </lines>
        </class>
      </classes>
    </package>
    <package name="code/Models/Item/StockImage.php" line-rate="0" branch-rate="0" complexity="6">
      <classes>
        <class name="Tagd\Core\Models\Item\StockImage" filename="code/Models/Item/StockImage.php" line-rate="0" branch-rate="0" complexity="6">
          <methods>
            <method name="stock" signature="" line-rate="0" branch-rate="0" complexity="1">
              <lines>
                <line number="32" hits="0"/>
              </lines>
            </method>
            <method name="upload" signature="" line-rate="0" branch-rate="0" complexity="1">
              <lines>
                <line number="37" hits="0"/>
              </lines>
            </method>
            <method name="getSmallUrlAttribute" signature="" line-rate="0" branch-rate="0" complexity="2">
              <lines>
                <line number="53" hits="0"/>
                <line number="55" hits="0"/>
                <line number="56" hits="0"/>
                <line number="57" hits="0"/>
                <line number="58" hits="0"/>
                <line number="60" hits="0"/>
                <line number="61" hits="0"/>
                <line number="62" hits="0"/>
                <line number="64" hits="0"/>
              </lines>
            </method>
            <method name="getUrlAttribute" signature="" line-rate="0" branch-rate="0" complexity="2">
              <lines>
                <line number="75" hits="0"/>
                <line number="77" hits="0"/>
                <line number="78" hits="0"/>
                <line number="79" hits="0"/>
                <line number="80" hits="0"/>
                <line number="81" hits="0"/>
                <line number="82" hits="0"/>
                <line number="83" hits="0"/>
                <line number="85" hits="0"/>
              </lines>
            </method>
          </methods>
          <lines>
            <line number="32" hits="0"/>
            <line number="37" hits="0"/>
            <line number="53" hits="0"/>
            <line number="55" hits="0"/>
            <line number="56" hits="0"/>
            <line number="57" hits="0"/>
            <line number="58" hits="0"/>
            <line number="60" hits="0"/>
            <line number="61" hits="0"/>
            <line number="62" hits="0"/>
            <line number="64" hits="0"/>
            <line number="75" hits="0"/>
            <line number="77" hits="0"/>
            <line number="78" hits="0"/>
            <line number="79" hits="0"/>
            <line number="80" hits="0"/>
            <line number="81" hits="0"/>
            <line number="82" hits="0"/>
            <line number="83" hits="0"/>
            <line number="85" hits="0"/>
          </lines>
        </class>
      </classes>
    </package>
    <package name="code/Models/Item/Tagd.php" line-rate="0.79" branch-rate="0" complexity="40">
      <classes>
        <class name="Tagd\Core\Models\Item\Tagd" filename="code/Models/Item/Tagd.php" line-rate="0.79" branch-rate="0" complexity="40">
          <methods>
            <method name="boot" signature="" line-rate="1" branch-rate="0" complexity="2">
              <lines>
                <line number="53" hits="34"/>
                <line number="54" hits="34"/>
                <line number="55" hits="34"/>
                <line number="56" hits="16"/>
                <line number="57" hits="4"/>
                <line number="59" hits="16"/>
                <line number="60" hits="34"/>
              </lines>
            </method>
            <method name="item" signature="" line-rate="0" branch-rate="0" complexity="1">
              <lines>
                <line number="71" hits="0"/>
              </lines>
            </method>
            <method name="consumer" signature="" line-rate="1" branch-rate="0" complexity="1">
              <lines>
                <line number="76" hits="15"/>
              </lines>
            </method>
            <method name="reseller" signature="" line-rate="0" branch-rate="0" complexity="1">
              <lines>
                <line number="81" hits="0"/>
              </lines>
            </method>
            <method name="children" signature="" line-rate="1" branch-rate="0" complexity="1">
              <lines>
                <line number="86" hits="3"/>
              </lines>
            </method>
            <method name="allChildren" signature="" line-rate="0" branch-rate="0" complexity="1">
              <lines>
                <line number="91" hits="0"/>
              </lines>
            </method>
            <method name="parent" signature="" line-rate="1" branch-rate="0" complexity="1">
              <lines>
                <line number="96" hits="15"/>
              </lines>
            </method>
            <method name="auctions" signature="" line-rate="0" branch-rate="0" complexity="1">
              <lines>
                <line number="101" hits="0"/>
              </lines>
            </method>
            <method name="isActive" signature="" line-rate="1" branch-rate="0" complexity="1">
              <lines>
                <line number="112" hits="2"/>
                <line number="113" hits="2"/>
                <line number="114" hits="2"/>
              </lines>
            </method>
            <method name="isExpired" signature="" line-rate="0" branch-rate="0" complexity="1">
              <lines>
                <line number="119" hits="0"/>
                <line number="120" hits="0"/>
                <line number="121" hits="0"/>
              </lines>
            </method>
            <method name="isCancelled" signature="" line-rate="1" branch-rate="0" complexity="1">
              <lines>
                <line number="126" hits="1"/>
                <line number="127" hits="1"/>
                <line number="128" hits="1"/>
              </lines>
            </method>
            <method name="isResale" signature="" line-rate="0" branch-rate="0" complexity="1">
              <lines>
                <line number="133" hits="0"/>
                <line number="134" hits="0"/>
                <line number="135" hits="0"/>
              </lines>
            </method>
            <method name="isTransferred" signature="" line-rate="1" branch-rate="0" complexity="1">
              <lines>
                <line number="140" hits="1"/>
                <line number="141" hits="1"/>
                <line number="142" hits="1"/>
              </lines>
            </method>
            <method name="isRoot" signature="" line-rate="1" branch-rate="0" complexity="1">
              <lines>
                <line number="147" hits="15"/>
                <line number="148" hits="15"/>
                <line number="149" hits="15"/>
              </lines>
            </method>
            <method name="isAvailableForResale" signature="" line-rate="1" branch-rate="0" complexity="1">
              <lines>
                <line number="154" hits="3"/>
                <line number="155" hits="3"/>
                <line number="156" hits="3"/>
                <line number="157" hits="3"/>
                <line number="158" hits="3"/>
              </lines>
            </method>
            <method name="childrenCount" signature="" line-rate="1" branch-rate="0" complexity="1">
              <lines>
                <line number="163" hits="2"/>
                <line number="164" hits="2"/>
                <line number="165" hits="2"/>
                <line number="166" hits="2"/>
                <line number="167" hits="2"/>
              </lines>
            </method>
            <method name="root" signature="" line-rate="0" branch-rate="0" complexity="2">
              <lines>
                <line number="172" hits="0"/>
                <line number="173" hits="0"/>
                <line number="174" hits="0"/>
                <line number="175" hits="0"/>
                <line number="176" hits="0"/>
                <line number="177" hits="0"/>
                <line number="178" hits="0"/>
              </lines>
            </method>
            <method name="activate" signature="Illuminate\Support\Carbon $date" line-rate="0.83333333333333" branch-rate="0" complexity="2">
              <lines>
                <line number="195" hits="2"/>
                <line number="196" hits="2"/>
                <line number="197" hits="2"/>
                <line number="198" hits="0"/>
                <line number="199" hits="2"/>
                <line number="200" hits="2"/>
              </lines>
            </method>
            <method name="expire" signature="Illuminate\Support\Carbon $date" line-rate="0.83333333333333" branch-rate="0" complexity="2">
              <lines>
                <line number="205" hits="1"/>
                <line number="206" hits="1"/>
                <line number="207" hits="1"/>
                <line number="208" hits="0"/>
                <line number="209" hits="1"/>
                <line number="210" hits="1"/>
              </lines>
            </method>
            <method name="transfer" signature="Illuminate\Support\Carbon $date" line-rate="0.83333333333333" branch-rate="0" complexity="2">
              <lines>
                <line number="215" hits="2"/>
                <line number="216" hits="2"/>
                <line number="217" hits="2"/>
                <line number="218" hits="0"/>
                <line number="219" hits="2"/>
                <line number="220" hits="2"/>
              </lines>
            </method>
            <method name="cancel" signature="Illuminate\Support\Carbon $date" line-rate="0.83333333333333" branch-rate="0" complexity="2">
              <lines>
                <line number="225" hits="2"/>
                <line number="226" hits="2"/>
                <line number="227" hits="2"/>
                <line number="228" hits="0"/>
                <line number="229" hits="2"/>
                <line number="230" hits="2"/>
              </lines>
            </method>
            <method name="enableForResale" signature="bool $enabled" line-rate="1" branch-rate="0" complexity="1">
              <lines>
                <line number="235" hits="2"/>
                <line number="236" hits="2"/>
                <line number="237" hits="2"/>
                <line number="238" hits="2"/>
                <line number="239" hits="2"/>
                <line number="240" hits="2"/>
              </lines>
            </method>
            <method name="buildChildrenCollection" signature="callable $filter" line-rate="1" branch-rate="0" complexity="4">
              <lines>
                <line number="251" hits="2"/>
                <line number="253" hits="2"/>
                <line number="254" hits="2"/>
                <line number="257" hits="2"/>
                <line number="258" hits="2"/>
                <line number="259" hits="2"/>
                <line number="260" hits="2"/>
                <line number="263" hits="2"/>
              </lines>
            </method>
            <method name="countAllAncestors" signature="callable $filter" line-rate="1" branch-rate="0" complexity="4">
              <lines>
                <line number="268" hits="2"/>
                <line number="270" hits="2"/>
                <line number="271" hits="2"/>
                <line number="272" hits="2"/>
                <line number="273" hits="2"/>
                <line number="275" hits="2"/>
                <line number="278" hits="2"/>
              </lines>
            </method>
            <method name="countAllChildren" signature="callable $filter" line-rate="1" branch-rate="0" complexity="4">
              <lines>
                <line number="283" hits="3"/>
                <line number="284" hits="3"/>
                <line number="285" hits="3"/>
                <line number="286" hits="3"/>
                <line number="288" hits="3"/>
                <line number="291" hits="3"/>
              </lines>
            </method>
          </methods>
          <lines>
            <line number="53" hits="34"/>
            <line number="54" hits="34"/>
            <line number="55" hits="34"/>
            <line number="56" hits="16"/>
            <line number="57" hits="4"/>
            <line number="59" hits="16"/>
            <line number="60" hits="34"/>
            <line number="71" hits="0"/>
            <line number="76" hits="15"/>
            <line number="81" hits="0"/>
            <line number="86" hits="3"/>
            <line number="91" hits="0"/>
            <line number="96" hits="15"/>
            <line number="101" hits="0"/>
            <line number="112" hits="2"/>
            <line number="113" hits="2"/>
            <line number="114" hits="2"/>
            <line number="119" hits="0"/>
            <line number="120" hits="0"/>
            <line number="121" hits="0"/>
            <line number="126" hits="1"/>
            <line number="127" hits="1"/>
            <line number="128" hits="1"/>
            <line number="133" hits="0"/>
            <line number="134" hits="0"/>
            <line number="135" hits="0"/>
            <line number="140" hits="1"/>
            <line number="141" hits="1"/>
            <line number="142" hits="1"/>
            <line number="147" hits="15"/>
            <line number="148" hits="15"/>
            <line number="149" hits="15"/>
            <line number="154" hits="3"/>
            <line number="155" hits="3"/>
            <line number="156" hits="3"/>
            <line number="157" hits="3"/>
            <line number="158" hits="3"/>
            <line number="163" hits="2"/>
            <line number="164" hits="2"/>
            <line number="165" hits="2"/>
            <line number="166" hits="2"/>
            <line number="167" hits="2"/>
            <line number="172" hits="0"/>
            <line number="173" hits="0"/>
            <line number="174" hits="0"/>
            <line number="175" hits="0"/>
            <line number="176" hits="0"/>
            <line number="177" hits="0"/>
            <line number="178" hits="0"/>
            <line number="195" hits="2"/>
            <line number="196" hits="2"/>
            <line number="197" hits="2"/>
            <line number="198" hits="0"/>
            <line number="199" hits="2"/>
            <line number="200" hits="2"/>
            <line number="205" hits="1"/>
            <line number="206" hits="1"/>
            <line number="207" hits="1"/>
            <line number="208" hits="0"/>
            <line number="209" hits="1"/>
            <line number="210" hits="1"/>
            <line number="215" hits="2"/>
            <line number="216" hits="2"/>
            <line number="217" hits="2"/>
            <line number="218" hits="0"/>
            <line number="219" hits="2"/>
            <line number="220" hits="2"/>
            <line number="225" hits="2"/>
            <line number="226" hits="2"/>
            <line number="227" hits="2"/>
            <line number="228" hits="0"/>
            <line number="229" hits="2"/>
            <line number="230" hits="2"/>
            <line number="235" hits="2"/>
            <line number="236" hits="2"/>
            <line number="237" hits="2"/>
            <line number="238" hits="2"/>
            <line number="239" hits="2"/>
            <line number="240" hits="2"/>
            <line number="251" hits="2"/>
            <line number="253" hits="2"/>
            <line number="254" hits="2"/>
            <line number="257" hits="2"/>
            <line number="258" hits="2"/>
            <line number="259" hits="2"/>
            <line number="260" hits="2"/>
            <line number="263" hits="2"/>
            <line number="268" hits="2"/>
            <line number="270" hits="2"/>
            <line number="271" hits="2"/>
            <line number="272" hits="2"/>
            <line number="273" hits="2"/>
            <line number="275" hits="2"/>
            <line number="278" hits="2"/>
            <line number="283" hits="3"/>
            <line number="284" hits="3"/>
            <line number="285" hits="3"/>
            <line number="286" hits="3"/>
            <line number="288" hits="3"/>
            <line number="291" hits="3"/>
          </lines>
        </class>
      </classes>
    </package>
    <package name="code/Models/Item/TagdMeta.php" line-rate="0" branch-rate="0" complexity="1">
      <classes>
        <class name="Tagd\Core\Models\Item\TagdMeta" filename="code/Models/Item/TagdMeta.php" line-rate="0" branch-rate="0" complexity="1">
          <methods>
            <method name="description" signature="" line-rate="0" branch-rate="0" complexity="1">
              <lines>
                <line number="15" hits="0"/>
                <line number="16" hits="0"/>
                <line number="17" hits="0"/>
              </lines>
            </method>
          </methods>
          <lines>
            <line number="15" hits="0"/>
            <line number="16" hits="0"/>
            <line number="17" hits="0"/>
          </lines>
        </class>
      </classes>
    </package>
    <package name="code/Models/Item/TagdStatus.php" line-rate="0" branch-rate="0" complexity="1">
      <classes>
        <class name="Tagd\Core\Models\Item\TagdStatus" filename="code/Models/Item/TagdStatus.php" line-rate="0" branch-rate="0" complexity="1">
          <methods>
            <method name="description" signature="" line-rate="0" branch-rate="0" complexity="1">
              <lines>
                <line number="20" hits="0"/>
                <line number="21" hits="0"/>
                <line number="22" hits="0"/>
                <line number="23" hits="0"/>
                <line number="24" hits="0"/>
                <line number="25" hits="0"/>
                <line number="26" hits="0"/>
                <line number="27" hits="0"/>
              </lines>
            </method>
          </methods>
          <lines>
            <line number="20" hits="0"/>
            <line number="21" hits="0"/>
            <line number="22" hits="0"/>
            <line number="23" hits="0"/>
            <line number="24" hits="0"/>
            <line number="25" hits="0"/>
            <line number="26" hits="0"/>
            <line number="27" hits="0"/>
          </lines>
        </class>
      </classes>
    </package>
    <package name="code/Models/Item/Type.php" line-rate="0" branch-rate="0" complexity="1">
      <classes>
        <class name="Tagd\Core\Models\Item\Type" filename="code/Models/Item/Type.php" line-rate="0" branch-rate="0" complexity="1">
          <methods>
            <method name="description" signature="" line-rate="0" branch-rate="0" complexity="1">
              <lines>
                <line number="16" hits="0"/>
                <line number="17" hits="0"/>
                <line number="18" hits="0"/>
                <line number="19" hits="0"/>
              </lines>
            </method>
          </methods>
          <lines>
            <line number="16" hits="0"/>
            <line number="17" hits="0"/>
            <line number="18" hits="0"/>
            <line number="19" hits="0"/>
          </lines>
        </class>
      </classes>
    </package>
    <package name="code/Models/Model.php" line-rate="1" branch-rate="0" complexity="1">
      <classes>
        <class name="Tagd\Core\Models\Model" filename="code/Models/Model.php" line-rate="1" branch-rate="0" complexity="1">
          <methods>
            <method name="__construct" signature="array $attributes" line-rate="1" branch-rate="0" complexity="1">
              <lines>
                <line number="14" hits="34"/>
                <line number="16" hits="34"/>
              </lines>
            </method>
          </methods>
          <lines>
            <line number="14" hits="34"/>
            <line number="16" hits="34"/>
          </lines>
        </class>
      </classes>
    </package>
    <package name="code/Models/Pivot.php" line-rate="0" branch-rate="0" complexity="1">
      <classes>
        <class name="Tagd\Core\Models\Pivot" filename="code/Models/Pivot.php" line-rate="0" branch-rate="0" complexity="1">
          <methods>
            <method name="__construct" signature="array $attributes" line-rate="0" branch-rate="0" complexity="1">
              <lines>
                <line number="14" hits="0"/>
                <line number="16" hits="0"/>
              </lines>
            </method>
          </methods>
          <lines>
            <line number="14" hits="0"/>
            <line number="16" hits="0"/>
          </lines>
        </class>
      </classes>
    </package>
    <package name="code/Models/Resale/AccessRequest.php" line-rate="1" branch-rate="0" complexity="13">
      <classes>
        <class name="Tagd\Core\Models\Resale\AccessRequest" filename="code/Models/Resale/AccessRequest.php" line-rate="1" branch-rate="0" complexity="13">
          <methods>
            <method name="boot" signature="" line-rate="1" branch-rate="0" complexity="1">
              <lines>
                <line number="43" hits="34"/>
                <line number="44" hits="34"/>
                <line number="45" hits="7"/>
                <line number="46" hits="34"/>
              </lines>
            </method>
            <method name="reseller" signature="" line-rate="1" branch-rate="0" complexity="1">
              <lines>
                <line number="57" hits="7"/>
              </lines>
            </method>
            <method name="consumer" signature="" line-rate="1" branch-rate="0" complexity="1">
              <lines>
                <line number="62" hits="7"/>
              </lines>
            </method>
            <method name="isApproved" signature="" line-rate="1" branch-rate="0" complexity="2">
              <lines>
                <line number="73" hits="3"/>
                <line number="74" hits="3"/>
                <line number="75" hits="3"/>
                <line number="76" hits="3"/>
                <line number="77" hits="3"/>
              </lines>
            </method>
            <method name="isRejected" signature="" line-rate="1" branch-rate="0" complexity="2">
              <lines>
                <line number="82" hits="3"/>
                <line number="83" hits="3"/>
                <line number="84" hits="3"/>
                <line number="85" hits="3"/>
                <line number="86" hits="3"/>
              </lines>
            </method>
            <method name="isRevoked" signature="" line-rate="1" branch-rate="0" complexity="2">
              <lines>
                <line number="91" hits="1"/>
                <line number="92" hits="1"/>
                <line number="93" hits="1"/>
                <line number="94" hits="1"/>
                <line number="95" hits="1"/>
              </lines>
            </method>
            <method name="isPending" signature="" line-rate="1" branch-rate="0" complexity="2">
              <lines>
                <line number="100" hits="1"/>
                <line number="101" hits="1"/>
                <line number="102" hits="1"/>
                <line number="103" hits="1"/>
                <line number="104" hits="1"/>
              </lines>
            </method>
            <method name="approve" signature="" line-rate="1" branch-rate="0" complexity="1">
              <lines>
                <line number="121" hits="3"/>
                <line number="122" hits="3"/>
                <line number="123" hits="3"/>
              </lines>
            </method>
            <method name="reject" signature="" line-rate="1" branch-rate="0" complexity="1">
              <lines>
                <line number="128" hits="3"/>
                <line number="129" hits="3"/>
                <line number="130" hits="3"/>
              </lines>
            </method>
          </methods>
          <lines>
            <line number="43" hits="34"/>
            <line number="44" hits="34"/>
            <line number="45" hits="7"/>
            <line number="46" hits="34"/>
            <line number="57" hits="7"/>
            <line number="62" hits="7"/>
            <line number="73" hits="3"/>
            <line number="74" hits="3"/>
            <line number="75" hits="3"/>
            <line number="76" hits="3"/>
            <line number="77" hits="3"/>
            <line number="82" hits="3"/>
            <line number="83" hits="3"/>
            <line number="84" hits="3"/>
            <line number="85" hits="3"/>
            <line number="86" hits="3"/>
            <line number="91" hits="1"/>
            <line number="92" hits="1"/>
            <line number="93" hits="1"/>
            <line number="94" hits="1"/>
            <line number="95" hits="1"/>
            <line number="100" hits="1"/>
            <line number="101" hits="1"/>
            <line number="102" hits="1"/>
            <line number="103" hits="1"/>
            <line number="104" hits="1"/>
            <line number="121" hits="3"/>
            <line number="122" hits="3"/>
            <line number="123" hits="3"/>
            <line number="128" hits="3"/>
            <line number="129" hits="3"/>
            <line number="130" hits="3"/>
          </lines>
        </class>
      </classes>
    </package>
    <package name="code/Models/Traits/HasSih.php" line-rate="0" branch-rate="0" complexity="1">
      <classes>
        <class name="Tagd\Core\Models\Traits\HasSih" filename="code/Models/Traits/HasSih.php" line-rate="0" branch-rate="0" complexity="1">
          <methods>
            <method name="applySih" signature="string $s3FullPath, callable $callback" line-rate="0" branch-rate="0" complexity="1">
              <lines>
                <line number="14" hits="0"/>
                <line number="15" hits="0"/>
                <line number="16" hits="0"/>
                <line number="17" hits="0"/>
                <line number="18" hits="0"/>
                <line number="20" hits="0"/>
                <line number="22" hits="0"/>
              </lines>
            </method>
          </methods>
          <lines>
            <line number="14" hits="0"/>
            <line number="15" hits="0"/>
            <line number="16" hits="0"/>
            <line number="17" hits="0"/>
            <line number="18" hits="0"/>
            <line number="20" hits="0"/>
            <line number="22" hits="0"/>
          </lines>
        </class>
      </classes>
    </package>
    <package name="code/Models/Traits/HasUpload.php" line-rate="0" branch-rate="0" complexity="1">
      <classes>
        <class name="Tagd\Core\Models\Traits\HasUpload" filename="code/Models/Traits/HasUpload.php" line-rate="0" branch-rate="0" complexity="1">
          <methods>
            <method name="getTransformedUploadUrl" signature="string $fullPath, callable $transformation" line-rate="0" branch-rate="0" complexity="1">
              <lines>
                <line number="40" hits="0"/>
                <line number="41" hits="0"/>
                <line number="42" hits="0"/>
                <line number="43" hits="0"/>
              </lines>
            </method>
          </methods>
          <lines>
            <line number="40" hits="0"/>
            <line number="41" hits="0"/>
            <line number="42" hits="0"/>
            <line number="43" hits="0"/>
          </lines>
        </class>
      </classes>
    </package>
    <package name="code/Models/Traits/HasUuidKey.php" line-rate="1" branch-rate="0" complexity="4">
      <classes>
        <class name="Tagd\Core\Models\Traits\HasUuidKey" filename="code/Models/Traits/HasUuidKey.php" line-rate="1" branch-rate="0" complexity="4">
          <methods>
            <method name="autoUuidKey" signature="" line-rate="1" branch-rate="0" complexity="2">
              <lines>
                <line number="22" hits="34"/>
                <line number="23" hits="33"/>
                <line number="24" hits="33"/>
                <line number="26" hits="34"/>
              </lines>
            </method>
            <method name="getIncrementing" signature="" line-rate="1" branch-rate="0" complexity="1">
              <lines>
                <line number="38" hits="33"/>
              </lines>
            </method>
            <method name="getKeyType" signature="" line-rate="1" branch-rate="0" complexity="1">
              <lines>
                <line number="48" hits="15"/>
              </lines>
            </method>
          </methods>
          <lines>
            <line number="22" hits="34"/>
            <line number="23" hits="33"/>
            <line number="24" hits="33"/>
            <line number="26" hits="34"/>
            <line number="38" hits="33"/>
            <line number="48" hits="15"/>
          </lines>
        </class>
      </classes>
    </package>
    <package name="code/Models/Upload/Collection.php" line-rate="0" branch-rate="0" complexity="0">
      <classes/>
    </package>
    <package name="code/Models/Upload/Upload.php" line-rate="0" branch-rate="0" complexity="19">
      <classes>
        <class name="Tagd\Core\Models\Upload\Upload" filename="code/Models/Upload/Upload.php" line-rate="0" branch-rate="0" complexity="19">
          <methods>
            <method name="boot" signature="" line-rate="0" branch-rate="0" complexity="1">
              <lines>
                <line number="37" hits="0"/>
                <line number="38" hits="0"/>
              </lines>
            </method>
            <method name="resellers" signature="" line-rate="0" branch-rate="0" complexity="1">
              <lines>
                <line number="52" hits="0"/>
              </lines>
            </method>
            <method name="items" signature="" line-rate="0" branch-rate="0" complexity="1">
              <lines>
                <line number="60" hits="0"/>
              </lines>
            </method>
            <method name="getFolderCleanAttribute" signature="" line-rate="0" branch-rate="0" complexity="1">
              <lines>
                <line number="74" hits="0"/>
              </lines>
            </method>
            <method name="getFileCleanAttribute" signature="" line-rate="0" branch-rate="0" complexity="1">
              <lines>
                <line number="82" hits="0"/>
              </lines>
            </method>
            <method name="getFullPathAttribute" signature="" line-rate="0" branch-rate="0" complexity="1">
              <lines>
                <line number="90" hits="0"/>
              </lines>
            </method>
            <method name="getUrlAttribute" signature="" line-rate="0" branch-rate="0" complexity="1">
              <lines>
                <line number="98" hits="0"/>
                <line number="100" hits="0"/>
              </lines>
            </method>
            <method name="randomFileName" signature="" line-rate="0" branch-rate="0" complexity="1">
              <lines>
                <line number="114" hits="0"/>
                <line number="115" hits="0"/>
                <line number="116" hits="0"/>
[...]
          <methods>
            <method name="run" signature="array $options" line-rate="0" branch-rate="0" complexity="4">
              <lines>
                <line number="25" hits="0"/>
                <line number="26" hits="0"/>
                <line number="27" hits="0"/>
                <line number="28" hits="0"/>
                <line number="29" hits="0"/>
                <line number="31" hits="0"/>
                <line number="33" hits="0"/>
                <line number="34" hits="0"/>
                <line number="37" hits="0"/>
                <line number="38" hits="0"/>
                <line number="39" hits="0"/>
                <line number="40" hits="0"/>
                <line number="41" hits="0"/>
                <line number="42" hits="0"/>
                <line number="43" hits="0"/>
                <line number="44" hits="0"/>
                <line number="45" hits="0"/>
                <line number="46" hits="0"/>
                <line number="47" hits="0"/>
                <line number="48" hits="0"/>
                <line number="49" hits="0"/>
                <line number="50" hits="0"/>
                <line number="51" hits="0"/>
                <line number="52" hits="0"/>
                <line number="53" hits="0"/>
                <line number="54" hits="0"/>
                <line number="55" hits="0"/>
                <line number="56" hits="0"/>
                <line number="59" hits="0"/>
                <line number="60" hits="0"/>
                <line number="61" hits="0"/>
                <line number="62" hits="0"/>
                <line number="63" hits="0"/>
                <line number="64" hits="0"/>
                <line number="65" hits="0"/>
                <line number="66" hits="0"/>
                <line number="67" hits="0"/>
                <line number="68" hits="0"/>
                <line number="69" hits="0"/>
                <line number="70" hits="0"/>
                <line number="71" hits="0"/>
                <line number="72" hits="0"/>
                <line number="73" hits="0"/>
                <line number="74" hits="0"/>
                <line number="75" hits="0"/>
                <line number="76" hits="0"/>
                <line number="77" hits="0"/>
                <line number="78" hits="0"/>
              </lines>
            </method>
            <method name="truncate" signature="" line-rate="0" branch-rate="0" complexity="2">
              <lines>
                <line number="89" hits="0"/>
                <line number="92" hits="0"/>
                <line number="93" hits="0"/>
                <line number="94" hits="0"/>
                <line number="95" hits="0"/>
                <line number="96" hits="0"/>
                <line number="98" hits="0"/>
                <line number="101" hits="0"/>
              </lines>
            </method>
          </methods>
          <lines>
            <line number="25" hits="0"/>
            <line number="26" hits="0"/>
            <line number="27" hits="0"/>
            <line number="28" hits="0"/>
            <line number="29" hits="0"/>
            <line number="31" hits="0"/>
            <line number="33" hits="0"/>
            <line number="34" hits="0"/>
            <line number="37" hits="0"/>
            <line number="38" hits="0"/>
            <line number="39" hits="0"/>
            <line number="40" hits="0"/>
            <line number="41" hits="0"/>
            <line number="42" hits="0"/>
            <line number="43" hits="0"/>
            <line number="44" hits="0"/>
            <line number="45" hits="0"/>
            <line number="46" hits="0"/>
            <line number="47" hits="0"/>
            <line number="48" hits="0"/>
            <line number="49" hits="0"/>
            <line number="50" hits="0"/>
            <line number="51" hits="0"/>
            <line number="52" hits="0"/>
            <line number="53" hits="0"/>
            <line number="54" hits="0"/>
            <line number="55" hits="0"/>
            <line number="56" hits="0"/>
            <line number="59" hits="0"/>
            <line number="60" hits="0"/>
            <line number="61" hits="0"/>
            <line number="62" hits="0"/>
            <line number="63" hits="0"/>
            <line number="64" hits="0"/>
            <line number="65" hits="0"/>
            <line number="66" hits="0"/>
            <line number="67" hits="0"/>
            <line number="68" hits="0"/>
            <line number="69" hits="0"/>
            <line number="70" hits="0"/>
            <line number="71" hits="0"/>
            <line number="72" hits="0"/>
            <line number="73" hits="0"/>
            <line number="74" hits="0"/>
            <line number="75" hits="0"/>
            <line number="76" hits="0"/>
            <line number="77" hits="0"/>
            <line number="78" hits="0"/>
            <line number="89" hits="0"/>
            <line number="92" hits="0"/>
            <line number="93" hits="0"/>
            <line number="94" hits="0"/>
            <line number="95" hits="0"/>
            <line number="96" hits="0"/>
            <line number="98" hits="0"/>
            <line number="101" hits="0"/>
          </lines>
        </class>
      </classes>
    </package>
    <package name="database/seeders/DatabaseSeeder.php" line-rate="1" branch-rate="0" complexity="1">
      <classes>
        <class name="Tagd\Core\Database\Seeders\DatabaseSeeder" filename="database/seeders/DatabaseSeeder.php" line-rate="1" branch-rate="0" complexity="1">
          <methods>
            <method name="run" signature="" line-rate="1" branch-rate="0" complexity="1">
              <lines>
                <line number="16" hits="1"/>
              </lines>
            </method>
          </methods>
          <lines>
            <line number="16" hits="1"/>
          </lines>
        </class>
      </classes>
    </package>
    <package name="database/seeders/DevSeeder.php" line-rate="0" branch-rate="0" complexity="1">
      <classes>
        <class name="Tagd\Core\Database\Seeders\DevSeeder" filename="database/seeders/DevSeeder.php" line-rate="0" branch-rate="0" complexity="1">
          <methods>
            <method name="run" signature="array $options" line-rate="0" branch-rate="0" complexity="1">
              <lines>
                <line number="17" hits="0"/>
                <line number="18" hits="0"/>
                <line number="19" hits="0"/>
                <line number="21" hits="0"/>
                <line number="23" hits="0"/>
                <line number="24" hits="0"/>
                <line number="25" hits="0"/>
                <line number="26" hits="0"/>
                <line number="27" hits="0"/>
              </lines>
            </method>
          </methods>
          <lines>
            <line number="17" hits="0"/>
            <line number="18" hits="0"/>
            <line number="19" hits="0"/>
            <line number="21" hits="0"/>
            <line number="23" hits="0"/>
            <line number="24" hits="0"/>
            <line number="25" hits="0"/>
            <line number="26" hits="0"/>
            <line number="27" hits="0"/>
          </lines>
        </class>
      </classes>
    </package>
    <package name="database/seeders/Items/ItemsSeeder.php" line-rate="0" branch-rate="0" complexity="7">
      <classes>
        <class name="Tagd\Core\Database\Seeders\Items\ItemsSeeder" filename="database/seeders/Items/ItemsSeeder.php" line-rate="0" branch-rate="0" complexity="7">
          <methods>
            <method name="run" signature="array $options" line-rate="0" branch-rate="0" complexity="5">
              <lines>
                <line number="28" hits="0"/>
                <line number="29" hits="0"/>
                <line number="30" hits="0"/>
                <line number="31" hits="0"/>
                <line number="32" hits="0"/>
                <line number="33" hits="0"/>
                <line number="35" hits="0"/>
                <line number="37" hits="0"/>
                <line number="38" hits="0"/>
                <line number="41" hits="0"/>
                <line number="43" hits="0"/>
                <line number="45" hits="0"/>
                <line number="46" hits="0"/>
                <line number="49" hits="0"/>
                <line number="50" hits="0"/>
                <line number="51" hits="0"/>
                <line number="53" hits="0"/>
                <line number="54" hits="0"/>
                <line number="55" hits="0"/>
                <line number="56" hits="0"/>
                <line number="57" hits="0"/>
                <line number="58" hits="0"/>
                <line number="59" hits="0"/>
                <line number="60" hits="0"/>
                <line number="61" hits="0"/>
                <line number="62" hits="0"/>
                <line number="63" hits="0"/>
                <line number="67" hits="0"/>
                <line number="69" hits="0"/>
                <line number="71" hits="0"/>
                <line number="72" hits="0"/>
                <line number="73" hits="0"/>
                <line number="75" hits="0"/>
                <line number="77" hits="0"/>
                <line number="78" hits="0"/>
                <line number="80" hits="0"/>
                <line number="82" hits="0"/>
                <line number="83" hits="0"/>
                <line number="85" hits="0"/>
                <line number="87" hits="0"/>
              </lines>
            </method>
            <method name="truncate" signature="" line-rate="0" branch-rate="0" complexity="2">
              <lines>
                <line number="98" hits="0"/>
                <line number="101" hits="0"/>
                <line number="102" hits="0"/>
                <line number="103" hits="0"/>
                <line number="104" hits="0"/>
                <line number="106" hits="0"/>
                <line number="109" hits="0"/>
              </lines>
            </method>
          </methods>
          <lines>
            <line number="28" hits="0"/>
            <line number="29" hits="0"/>
            <line number="30" hits="0"/>
            <line number="31" hits="0"/>
            <line number="32" hits="0"/>
            <line number="33" hits="0"/>
            <line number="35" hits="0"/>
            <line number="37" hits="0"/>
            <line number="38" hits="0"/>
            <line number="41" hits="0"/>
            <line number="43" hits="0"/>
            <line number="45" hits="0"/>
            <line number="46" hits="0"/>
            <line number="49" hits="0"/>
            <line number="50" hits="0"/>
            <line number="51" hits="0"/>
            <line number="53" hits="0"/>
            <line number="54" hits="0"/>
            <line number="55" hits="0"/>
            <line number="56" hits="0"/>
            <line number="57" hits="0"/>
            <line number="58" hits="0"/>
            <line number="59" hits="0"/>
            <line number="60" hits="0"/>
            <line number="61" hits="0"/>
            <line number="62" hits="0"/>
            <line number="63" hits="0"/>
            <line number="67" hits="0"/>
            <line number="69" hits="0"/>
            <line number="71" hits="0"/>
            <line number="72" hits="0"/>
            <line number="73" hits="0"/>
            <line number="75" hits="0"/>
            <line number="77" hits="0"/>
            <line number="78" hits="0"/>
            <line number="80" hits="0"/>
            <line number="82" hits="0"/>
            <line number="83" hits="0"/>
            <line number="85" hits="0"/>
            <line number="87" hits="0"/>
            <line number="98" hits="0"/>
            <line number="101" hits="0"/>
            <line number="102" hits="0"/>
            <line number="103" hits="0"/>
            <line number="104" hits="0"/>
            <line number="106" hits="0"/>
            <line number="109" hits="0"/>
          </lines>
        </class>
      </classes>
    </package>
    <package name="database/seeders/Items/StockSeeder.php" line-rate="0" branch-rate="0" complexity="6">
      <classes>
        <class name="Tagd\Core\Database\Seeders\Items\StockSeeder" filename="database/seeders/Items/StockSeeder.php" line-rate="0" branch-rate="0" complexity="6">
          <methods>
            <method name="run" signature="array $options" line-rate="0" branch-rate="0" complexity="4">
              <lines>
                <line number="22" hits="0"/>
                <line number="23" hits="0"/>
                <line number="24" hits="0"/>
                <line number="25" hits="0"/>
                <line number="26" hits="0"/>
                <line number="27" hits="0"/>
                <line number="28" hits="0"/>
                <line number="30" hits="0"/>
                <line number="32" hits="0"/>
                <line number="33" hits="0"/>
                <line number="36" hits="0"/>
                <line number="37" hits="0"/>
                <line number="38" hits="0"/>
                <line number="40" hits="0"/>
                <line number="41" hits="0"/>
                <line number="43" hits="0"/>
                <line number="44" hits="0"/>
                <line number="46" hits="0"/>
                <line number="47" hits="0"/>
                <line number="48" hits="0"/>
              </lines>
            </method>
            <method name="truncate" signature="" line-rate="0" branch-rate="0" complexity="2">
              <lines>
                <line number="58" hits="0"/>
                <line number="61" hits="0"/>
                <line number="62" hits="0"/>
                <line number="63" hits="0"/>
                <line number="65" hits="0"/>
                <line number="68" hits="0"/>
              </lines>
            </method>
          </methods>
          <lines>
            <line number="22" hits="0"/>
            <line number="23" hits="0"/>
            <line number="24" hits="0"/>
            <line number="25" hits="0"/>
            <line number="26" hits="0"/>
            <line number="27" hits="0"/>
            <line number="28" hits="0"/>
            <line number="30" hits="0"/>
            <line number="32" hits="0"/>
            <line number="33" hits="0"/>
            <line number="36" hits="0"/>
            <line number="37" hits="0"/>
            <line number="38" hits="0"/>
            <line number="40" hits="0"/>
            <line number="41" hits="0"/>
            <line number="43" hits="0"/>
            <line number="44" hits="0"/>
            <line number="46" hits="0"/>
            <line number="47" hits="0"/>
            <line number="48" hits="0"/>
            <line number="58" hits="0"/>
            <line number="61" hits="0"/>
            <line number="62" hits="0"/>
            <line number="63" hits="0"/>
            <line number="65" hits="0"/>
            <line number="68" hits="0"/>
          </lines>
        </class>
      </classes>
    </package>
    <package name="database/seeders/ProdSeeder.php" line-rate="0" branch-rate="0" complexity="1">
      <classes>
        <class name="Tagd\Core\Database\Seeders\ProdSeeder" filename="database/seeders/ProdSeeder.php" line-rate="0" branch-rate="0" complexity="1">
          <methods>
            <method name="run" signature="array $options" line-rate="0" branch-rate="0" complexity="1">
              <lines>
                <line number="17" hits="0"/>
                <line number="18" hits="0"/>
                <line number="19" hits="0"/>
                <line number="21" hits="0"/>
              </lines>
            </method>
          </methods>
          <lines>
            <line number="17" hits="0"/>
            <line number="18" hits="0"/>
            <line number="19" hits="0"/>
            <line number="21" hits="0"/>
          </lines>
        </class>
      </classes>
    </package>
    <package name="database/seeders/QaSeeder.php" line-rate="0" branch-rate="0" complexity="1">
      <classes>
        <class name="Tagd\Core\Database\Seeders\QaSeeder" filename="database/seeders/QaSeeder.php" line-rate="0" branch-rate="0" complexity="1">
          <methods>
            <method name="run" signature="array $options" line-rate="0" branch-rate="0" complexity="1">
              <lines>
                <line number="17" hits="0"/>
                <line number="18" hits="0"/>
                <line number="19" hits="0"/>
                <line number="21" hits="0"/>
              </lines>
            </method>
          </methods>
          <lines>
            <line number="17" hits="0"/>
            <line number="18" hits="0"/>
            <line number="19" hits="0"/>
            <line number="21" hits="0"/>
          </lines>
        </class>
      </classes>
    </package>
    <package name="database/seeders/TestingSeeder.php" line-rate="1" branch-rate="0" complexity="1">
      <classes>
        <class name="Tagd\Core\Database\Seeders\TestingSeeder" filename="database/seeders/TestingSeeder.php" line-rate="1" branch-rate="0" complexity="1">
          <methods>
            <method name="run" signature="" line-rate="1" branch-rate="0" complexity="1">
              <lines>
                <line number="19" hits="1"/>
                <line number="21" hits="1"/>
              </lines>
            </method>
          </methods>
          <lines>
            <line number="19" hits="1"/>
            <line number="21" hits="1"/>
          </lines>
        </class>
      </classes>
    </package>
    <package name="database/seeders/Traits/UsesFactories.php" line-rate="1" branch-rate="0" complexity="1">
      <classes>
        <class name="Tagd\Core\Database\Seeders\Traits\UsesFactories" filename="database/seeders/Traits/UsesFactories.php" line-rate="1" branch-rate="0" complexity="1">
          <methods>
            <method name="setupFactories" signature="" line-rate="1" branch-rate="0" complexity="1">
              <lines>
                <line number="17" hits="34"/>
                <line number="18" hits="30"/>
                <line number="19" hits="30"/>
                <line number="21" hits="30"/>
                <line number="22" hits="34"/>
                <line number="24" hits="34"/>
                <line number="25" hits="30"/>
                <line number="26" hits="30"/>
                <line number="28" hits="30"/>
                <line number="29" hits="34"/>
              </lines>
            </method>
          </methods>
          <lines>
            <line number="17" hits="34"/>
            <line number="18" hits="30"/>
            <line number="19" hits="30"/>
            <line number="21" hits="30"/>
            <line number="22" hits="34"/>
            <line number="24" hits="34"/>
            <line number="25" hits="30"/>
            <line number="26" hits="30"/>
            <line number="28" hits="30"/>
            <line number="29" hits="34"/>
          </lines>
        </class>
      </classes>
    </package>
    <package name="database/seeders/UatSeeder.php" line-rate="0" branch-rate="0" complexity="1">
      <classes>
        <class name="Tagd\Core\Database\Seeders\UatSeeder" filename="database/seeders/UatSeeder.php" line-rate="0" branch-rate="0" complexity="1">
          <methods>
            <method name="run" signature="array $options" line-rate="0" branch-rate="0" complexity="1">
              <lines>
                <line number="17" hits="0"/>
                <line number="18" hits="0"/>
                <line number="19" hits="0"/>
                <line number="21" hits="0"/>
              </lines>
            </method>
          </methods>
          <lines>
            <line number="17" hits="0"/>
            <line number="18" hits="0"/>
            <line number="19" hits="0"/>
            <line number="21" hits="0"/>
          </lines>
        </class>
      </classes>
    </package>
  </packages>
</coverage>
